{
  "uid" : "69f6a1c6e32b676f",
  "name" : "newDataTypingTest()",
  "fullName" : "sandbox.SandBoxPageTest.newDataTypingTest",
  "historyId" : "e4169c8b7e3b98721849d1a234472ee4",
  "time" : {
    "start" : 1628006247781,
    "stop" : 1628006271882,
    "duration" : 24101
  },
  "description" : "",
  "status" : "broken",
  "statusMessage" : "Expected condition failed: waiting for visibility of element located by By.xpath: //textarea (tried for 10 second(s) with 500 milliseconds interval)",
  "statusTrace" : "org.openqa.selenium.TimeoutException: Expected condition failed: waiting for visibility of element located by By.xpath: //textarea (tried for 10 second(s) with 500 milliseconds interval)\n\tat org.openqa.selenium.support.ui.WebDriverWait.timeoutException(WebDriverWait.java:138)\n\tat org.openqa.selenium.support.ui.FluentWait.until(FluentWait.java:234)\n\tat sandbox.SandBoxPageTest.newDataTypingTest(SandBoxPageTest.java:39)\n\tat sun.reflect.NativeMethodAccessorImpl.invoke0(Native Method)\n\tat sun.reflect.NativeMethodAccessorImpl.invoke(NativeMethodAccessorImpl.java:62)\n\tat sun.reflect.DelegatingMethodAccessorImpl.invoke(DelegatingMethodAccessorImpl.java:43)\n\tat java.lang.reflect.Method.invoke(Method.java:498)\n\tat org.junit.platform.commons.util.ReflectionUtils.invokeMethod(ReflectionUtils.java:688)\n\tat org.junit.jupiter.engine.execution.MethodInvocation.proceed(MethodInvocation.java:60)\n\tat org.junit.jupiter.engine.execution.InvocationInterceptorChain$ValidatingInvocation.proceed(InvocationInterceptorChain.java:131)\n\tat org.junit.jupiter.api.extension.InvocationInterceptor.interceptTestMethod(InvocationInterceptor.java:117)\n\tat org.junit.jupiter.engine.execution.ExecutableInvoker$ReflectiveInterceptorCall.lambda$ofVoidMethod$0(ExecutableInvoker.java:115)\n\tat org.junit.jupiter.engine.execution.ExecutableInvoker.lambda$invoke$0(ExecutableInvoker.java:105)\n\tat org.junit.jupiter.engine.execution.InvocationInterceptorChain$InterceptedInvocation.proceed(InvocationInterceptorChain.java:106)\n\tat org.junit.jupiter.engine.extension.TimeoutExtension.intercept(TimeoutExtension.java:149)\n\tat org.junit.jupiter.engine.extension.TimeoutExtension.interceptTestableMethod(TimeoutExtension.java:140)\n\tat org.junit.jupiter.engine.extension.TimeoutExtension.interceptTestMethod(TimeoutExtension.java:84)\n\tat org.junit.jupiter.engine.execution.ExecutableInvoker$ReflectiveInterceptorCall.lambda$ofVoidMethod$0(ExecutableInvoker.java:115)\n\tat org.junit.jupiter.engine.execution.ExecutableInvoker.lambda$invoke$0(ExecutableInvoker.java:105)\n\tat org.junit.jupiter.engine.execution.InvocationInterceptorChain$InterceptedInvocation.proceed(InvocationInterceptorChain.java:106)\n\tat org.junit.jupiter.engine.execution.InvocationInterceptorChain.proceed(InvocationInterceptorChain.java:64)\n\tat org.junit.jupiter.engine.execution.InvocationInterceptorChain.chainAndInvoke(InvocationInterceptorChain.java:45)\n\tat org.junit.jupiter.engine.execution.InvocationInterceptorChain.invoke(InvocationInterceptorChain.java:37)\n\tat org.junit.jupiter.engine.execution.ExecutableInvoker.invoke(ExecutableInvoker.java:104)\n\tat org.junit.jupiter.engine.execution.ExecutableInvoker.invoke(ExecutableInvoker.java:98)\n\tat org.junit.jupiter.engine.descriptor.TestMethodTestDescriptor.lambda$invokeTestMethod$6(TestMethodTestDescriptor.java:210)\n\tat org.junit.platform.engine.support.hierarchical.ThrowableCollector.execute(ThrowableCollector.java:73)\n\tat org.junit.jupiter.engine.descriptor.TestMethodTestDescriptor.invokeTestMethod(TestMethodTestDescriptor.java:206)\n\tat org.junit.jupiter.engine.descriptor.TestMethodTestDescriptor.execute(TestMethodTestDescriptor.java:131)\n\tat org.junit.jupiter.engine.descriptor.TestMethodTestDescriptor.execute(TestMethodTestDescriptor.java:65)\n\tat org.junit.platform.engine.support.hierarchical.NodeTestTask.lambda$executeRecursively$5(NodeTestTask.java:139)\n\tat org.junit.platform.engine.support.hierarchical.ThrowableCollector.execute(ThrowableCollector.java:73)\n\tat org.junit.platform.engine.support.hierarchical.NodeTestTask.lambda$executeRecursively$7(NodeTestTask.java:129)\n\tat org.junit.platform.engine.support.hierarchical.Node.around(Node.java:137)\n\tat org.junit.platform.engine.support.hierarchical.NodeTestTask.lambda$executeRecursively$8(NodeTestTask.java:127)\n\tat org.junit.platform.engine.support.hierarchical.ThrowableCollector.execute(ThrowableCollector.java:73)\n\tat org.junit.platform.engine.support.hierarchical.NodeTestTask.executeRecursively(NodeTestTask.java:126)\n\tat org.junit.platform.engine.support.hierarchical.NodeTestTask.execute(NodeTestTask.java:84)\n\tat org.junit.platform.engine.support.hierarchical.ForkJoinPoolHierarchicalTestExecutorService$ExclusiveTask.compute(ForkJoinPoolHierarchicalTestExecutorService.java:185)\n\tat org.junit.platform.engine.support.hierarchical.ForkJoinPoolHierarchicalTestExecutorService.executeNonConcurrentTasks(ForkJoinPoolHierarchicalTestExecutorService.java:155)\n\tat org.junit.platform.engine.support.hierarchical.ForkJoinPoolHierarchicalTestExecutorService.invokeAll(ForkJoinPoolHierarchicalTestExecutorService.java:135)\n\tat org.junit.platform.engine.support.hierarchical.NodeTestTask.lambda$executeRecursively$5(NodeTestTask.java:143)\n\tat org.junit.platform.engine.support.hierarchical.ThrowableCollector.execute(ThrowableCollector.java:73)\n\tat org.junit.platform.engine.support.hierarchical.NodeTestTask.lambda$executeRecursively$7(NodeTestTask.java:129)\n\tat org.junit.platform.engine.support.hierarchical.Node.around(Node.java:137)\n\tat org.junit.platform.engine.support.hierarchical.NodeTestTask.lambda$executeRecursively$8(NodeTestTask.java:127)\n\tat org.junit.platform.engine.support.hierarchical.ThrowableCollector.execute(ThrowableCollector.java:73)\n\tat org.junit.platform.engine.support.hierarchical.NodeTestTask.executeRecursively(NodeTestTask.java:126)\n\tat org.junit.platform.engine.support.hierarchical.NodeTestTask.execute(NodeTestTask.java:84)\n\tat org.junit.platform.engine.support.hierarchical.ForkJoinPoolHierarchicalTestExecutorService$ExclusiveTask.compute(ForkJoinPoolHierarchicalTestExecutorService.java:185)\n\tat org.junit.platform.engine.support.hierarchical.ForkJoinPoolHierarchicalTestExecutorService.executeNonConcurrentTasks(ForkJoinPoolHierarchicalTestExecutorService.java:155)\n\tat org.junit.platform.engine.support.hierarchical.ForkJoinPoolHierarchicalTestExecutorService.invokeAll(ForkJoinPoolHierarchicalTestExecutorService.java:135)\n\tat org.junit.platform.engine.support.hierarchical.NodeTestTask.lambda$executeRecursively$5(NodeTestTask.java:143)\n\tat org.junit.platform.engine.support.hierarchical.ThrowableCollector.execute(ThrowableCollector.java:73)\n\tat org.junit.platform.engine.support.hierarchical.NodeTestTask.lambda$executeRecursively$7(NodeTestTask.java:129)\n\tat org.junit.platform.engine.support.hierarchical.Node.around(Node.java:137)\n\tat org.junit.platform.engine.support.hierarchical.NodeTestTask.lambda$executeRecursively$8(NodeTestTask.java:127)\n\tat org.junit.platform.engine.support.hierarchical.ThrowableCollector.execute(ThrowableCollector.java:73)\n\tat org.junit.platform.engine.support.hierarchical.NodeTestTask.executeRecursively(NodeTestTask.java:126)\n\tat org.junit.platform.engine.support.hierarchical.NodeTestTask.execute(NodeTestTask.java:84)\n\tat org.junit.platform.engine.support.hierarchical.ForkJoinPoolHierarchicalTestExecutorService$ExclusiveTask.compute(ForkJoinPoolHierarchicalTestExecutorService.java:185)\n\tat java.util.concurrent.RecursiveAction.exec(RecursiveAction.java:189)\n\tat java.util.concurrent.ForkJoinTask.doExec(ForkJoinTask.java:289)\n\tat java.util.concurrent.ForkJoinPool$WorkQueue.runTask(ForkJoinPool.java:1056)\n\tat java.util.concurrent.ForkJoinPool.runWorker(ForkJoinPool.java:1692)\n\tat java.util.concurrent.ForkJoinWorkerThread.run(ForkJoinWorkerThread.java:175)\nCaused by: org.openqa.selenium.NoSuchElementException: no such element: Unable to locate element: {\"method\":\"xpath\",\"selector\":\"//textarea\"}\n  (Session info: headless chrome=92.0.4515.107)\nFor documentation on this error, please visit: https://www.seleniumhq.org/exceptions/no_such_element.html\nBuild info: version: '4.0.0-alpha-2', revision: 'f148142cf8', time: '2019-07-01T20:55:26'\nSystem info: host: 'fv-az33-739', ip: '10.1.0.217', os.name: 'Linux', os.arch: 'amd64', os.version: '5.8.0-1039-azure', java.version: '1.8.0_302'\nDriver info: org.openqa.selenium.chrome.ChromeDriver\nCapabilities {acceptInsecureCerts: false, browserName: chrome, browserVersion: 92.0.4515.107, chrome: {chromedriverVersion: 92.0.4515.107 (87a818b10553..., userDataDir: /tmp/.com.google.Chrome.iI79KR}, goog:chromeOptions: {debuggerAddress: localhost:35989}, javascriptEnabled: true, networkConnectionEnabled: false, pageLoadStrategy: normal, platform: LINUX, platformName: LINUX, proxy: Proxy(), setWindowRect: true, strictFileInteractability: false, timeouts: {implicit: 0, pageLoad: 300000, script: 30000}, unhandledPromptBehavior: dismiss and notify, webauthn:extension:credBlob: true, webauthn:extension:largeBlob: true, webauthn:virtualAuthenticators: true}\nSession ID: 64245e9b79fe8fb41bac3b3f28a00efc\n*** Element info: {Using=xpath, value=//textarea}\n\tat sun.reflect.NativeConstructorAccessorImpl.newInstance0(Native Method)\n\tat sun.reflect.NativeConstructorAccessorImpl.newInstance(NativeConstructorAccessorImpl.java:62)\n\tat sun.reflect.DelegatingConstructorAccessorImpl.newInstance(DelegatingConstructorAccessorImpl.java:45)\n\tat java.lang.reflect.Constructor.newInstance(Constructor.java:423)\n\tat org.openqa.selenium.remote.codec.w3c.W3CHttpResponseCodec.createException(W3CHttpResponseCodec.java:191)\n\tat org.openqa.selenium.remote.codec.w3c.W3CHttpResponseCodec.decode(W3CHttpResponseCodec.java:125)\n\tat org.openqa.selenium.remote.codec.w3c.W3CHttpResponseCodec.decode(W3CHttpResponseCodec.java:52)\n\tat org.openqa.selenium.remote.HttpCommandExecutor.execute(HttpCommandExecutor.java:161)\n\tat org.openqa.selenium.remote.service.DriverCommandExecutor.execute(DriverCommandExecutor.java:83)\n\tat org.openqa.selenium.remote.RemoteWebDriver.execute(RemoteWebDriver.java:576)\n\tat org.openqa.selenium.remote.RemoteWebDriver.findElement(RemoteWebDriver.java:327)\n\tat org.openqa.selenium.remote.RemoteWebDriver.findElementByXPath(RemoteWebDriver.java:445)\n\tat org.openqa.selenium.By$ByXPath.findElement(By.java:353)\n\tat org.openqa.selenium.remote.RemoteWebDriver.findElement(RemoteWebDriver.java:319)\n\tat org.openqa.selenium.support.ui.ExpectedConditions$7.apply(ExpectedConditions.java:205)\n\tat org.openqa.selenium.support.ui.ExpectedConditions$7.apply(ExpectedConditions.java:201)\n\tat org.openqa.selenium.support.ui.FluentWait.until(FluentWait.java:211)\n\t... 64 more\n",
  "flaky" : false,
  "newFailed" : false,
  "beforeStages" : [ {
    "name" : "InitialTest",
    "time" : {
      "start" : 1628006247782,
      "stop" : 1628006248031,
      "duration" : 249
    },
    "status" : "passed",
    "steps" : [ ],
    "attachments" : [ ],
    "parameters" : [ ],
    "stepsCount" : 0,
    "attachmentsCount" : 0,
    "shouldDisplayMessage" : false,
    "hasContent" : false
  } ],
  "afterStages" : [ {
    "name" : "tearDown",
    "time" : {
      "start" : 1628006271804,
      "stop" : 1628006271881,
      "duration" : 77
    },
    "status" : "passed",
    "steps" : [ ],
    "attachments" : [ ],
    "parameters" : [ ],
    "stepsCount" : 0,
    "attachmentsCount" : 0,
    "shouldDisplayMessage" : false,
    "hasContent" : false
  } ],
  "labels" : [ {
    "name" : "host",
    "value" : "fv-az33-739"
  }, {
    "name" : "thread",
    "value" : "2848@fv-az33-739.ForkJoinPool-1-worker-1(12)"
  }, {
    "name" : "framework",
    "value" : "junit-platform"
  }, {
    "name" : "language",
    "value" : "java"
  }, {
    "name" : "package",
    "value" : "sandbox.SandBoxPageTest"
  }, {
    "name" : "testClass",
    "value" : "sandbox.SandBoxPageTest"
  }, {
    "name" : "testMethod",
    "value" : "newDataTypingTest"
  }, {
    "name" : "suite",
    "value" : "sandbox.SandBoxPageTest"
  }, {
    "name" : "resultFormat",
    "value" : "allure2"
  } ],
  "parameters" : [ ],
  "links" : [ ],
  "hidden" : false,
  "retry" : false,
  "extra" : {
    "severity" : "normal",
    "retries" : [ ],
    "categories" : [ {
      "name" : "Test defects",
      "matchedStatuses" : [ ],
      "flaky" : false
    } ],
    "history" : {
      "statistic" : {
        "failed" : 0,
        "broken" : 8,
        "skipped" : 0,
        "passed" : 0,
        "unknown" : 0,
        "total" : 8
      },
      "items" : [ {
        "uid" : "b62a4a58a0c21563",
        "reportUrl" : "https://ZsoltiJ.github.io/Vizsgaremek_POM/35//#testresult/b62a4a58a0c21563",
        "status" : "broken",
        "statusDetails" : "Expected condition failed: waiting for visibility of element located by By.xpath: //textarea (tried for 10 second(s) with 500 milliseconds interval)",
        "time" : {
          "start" : 1628005777388,
          "stop" : 1628005802101,
          "duration" : 24713
        }
      }, {
        "uid" : "afcca41ceb018111",
        "reportUrl" : "https://ZsoltiJ.github.io/Vizsgaremek_POM/34//#testresult/afcca41ceb018111",
        "status" : "broken",
        "statusDetails" : "unknown error: Chrome failed to start: exited abnormally.\n  (unknown error: DevToolsActivePort file doesn't exist)\n  (The process started from chrome location /usr/bin/google-chrome is no longer running, so ChromeDriver is assuming that Chrome has crashed.)\nBuild info: version: '4.0.0-alpha-2', revision: 'f148142cf8', time: '2019-07-01T20:55:26'\nSystem info: host: 'fv-az83-989', ip: '10.1.0.85', os.name: 'Linux', os.arch: 'amd64', os.version: '5.8.0-1039-azure', java.version: '1.8.0_302'\nDriver info: driver.version: ChromeDriver\nremote stacktrace: #0 0x55c7722dea63 <unknown>\n#1 0x55c772053458 <unknown>\n#2 0x55c7720762e3 <unknown>\n#3 0x55c772071e9f <unknown>\n#4 0x55c7720abb72 <unknown>\n#5 0x55c7720a5fd3 <unknown>\n#6 0x55c77207c514 <unknown>\n#7 0x55c77207d505 <unknown>\n#8 0x55c77230ae2e <unknown>\n#9 0x55c772320886 <unknown>\n#10 0x55c77230bd75 <unknown>\n#11 0x55c772321d94 <unknown>\n#12 0x55c7723028eb <unknown>\n#13 0x55c77233ccd8 <unknown>\n#14 0x55c77233ce58 <unknown>\n#15 0x55c772356dfd <unknown>\n#16 0x7fbcc673f609 start_thread\n",
        "time" : {
          "start" : 1628005479913,
          "stop" : 1628005480070,
          "duration" : 157
        }
      }, {
        "uid" : "a2faeb1671df7e09",
        "reportUrl" : "https://ZsoltiJ.github.io/Vizsgaremek_POM/33//#testresult/a2faeb1671df7e09",
        "status" : "broken",
        "statusDetails" : "unknown error: Chrome failed to start: exited abnormally.\n  (unknown error: DevToolsActivePort file doesn't exist)\n  (The process started from chrome location /usr/bin/google-chrome is no longer running, so ChromeDriver is assuming that Chrome has crashed.)\nBuild info: version: '4.0.0-alpha-2', revision: 'f148142cf8', time: '2019-07-01T20:55:26'\nSystem info: host: 'fv-az83-989', ip: '10.1.0.36', os.name: 'Linux', os.arch: 'amd64', os.version: '5.8.0-1039-azure', java.version: '1.8.0_302'\nDriver info: driver.version: ChromeDriver\nremote stacktrace: #0 0x559057e6ca63 <unknown>\n#1 0x559057be1458 <unknown>\n#2 0x559057c042e3 <unknown>\n#3 0x559057bffe9f <unknown>\n#4 0x559057c39b72 <unknown>\n#5 0x559057c33fd3 <unknown>\n#6 0x559057c0a514 <unknown>\n#7 0x559057c0b505 <unknown>\n#8 0x559057e98e2e <unknown>\n#9 0x559057eae886 <unknown>\n#10 0x559057e99d75 <unknown>\n#11 0x559057eafd94 <unknown>\n#12 0x559057e908eb <unknown>\n#13 0x559057ecacd8 <unknown>\n#14 0x559057ecae58 <unknown>\n#15 0x559057ee4dfd <unknown>\n#16 0x7f0597212609 start_thread\n",
        "time" : {
          "start" : 1628005352478,
          "stop" : 1628005352642,
          "duration" : 164
        }
      }, {
        "uid" : "b1ab217d279efb9f",
        "reportUrl" : "https://ZsoltiJ.github.io/Vizsgaremek_POM/32//#testresult/b1ab217d279efb9f",
        "status" : "broken",
        "statusDetails" : "Expected condition failed: waiting for visibility of element located by By.xpath: //textarea (tried for 10 second(s) with 500 milliseconds interval)",
        "time" : {
          "start" : 1628004689219,
          "stop" : 1628004713633,
          "duration" : 24414
        }
      }, {
        "uid" : "69786c3011ea0f52",
        "reportUrl" : "https://ZsoltiJ.github.io/Vizsgaremek_POM/31//#testresult/69786c3011ea0f52",
        "status" : "broken",
        "statusDetails" : "java.lang.NullPointerException",
        "time" : {
          "start" : 1628003110468,
          "stop" : 1628003117484,
          "duration" : 7016
        }
      }, {
        "uid" : "52d2b15ac8ef8dc1",
        "reportUrl" : "https://ZsoltiJ.github.io/Vizsgaremek_POM/30//#testresult/52d2b15ac8ef8dc1",
        "status" : "broken",
        "statusDetails" : "no such element: Unable to locate element: {\"method\":\"xpath\",\"selector\":\"//*[@id='wpTextbox1']\"}\n  (Session info: headless chrome=92.0.4515.107)\nFor documentation on this error, please visit: https://www.seleniumhq.org/exceptions/no_such_element.html\nBuild info: version: '4.0.0-alpha-2', revision: 'f148142cf8', time: '2019-07-01T20:55:26'\nSystem info: host: 'fv-az42-158', ip: '10.1.0.194', os.name: 'Linux', os.arch: 'amd64', os.version: '5.8.0-1039-azure', java.version: '1.8.0_302'\nDriver info: org.openqa.selenium.chrome.ChromeDriver\nCapabilities {acceptInsecureCerts: false, browserName: chrome, browserVersion: 92.0.4515.107, chrome: {chromedriverVersion: 92.0.4515.107 (87a818b10553..., userDataDir: /tmp/.com.google.Chrome.wZABuM}, goog:chromeOptions: {debuggerAddress: localhost:40613}, javascriptEnabled: true, networkConnectionEnabled: false, pageLoadStrategy: normal, platform: LINUX, platformName: LINUX, proxy: Proxy(), setWindowRect: true, strictFileInteractability: false, timeouts: {implicit: 0, pageLoad: 300000, script: 30000}, unhandledPromptBehavior: dismiss and notify, webauthn:extension:credBlob: true, webauthn:extension:largeBlob: true, webauthn:virtualAuthenticators: true}\nSession ID: aada56b27a678328fbb3aa8012e85378\n*** Element info: {Using=xpath, value=//*[@id='wpTextbox1']}",
        "time" : {
          "start" : 1628001503739,
          "stop" : 1628001528081,
          "duration" : 24342
        }
      }, {
        "uid" : "179d6347a68dc731",
        "reportUrl" : "https://ZsoltiJ.github.io/Vizsgaremek_POM/29//#testresult/179d6347a68dc731",
        "status" : "broken",
        "statusDetails" : "unknown error: Chrome failed to start: exited abnormally.\n  (unknown error: DevToolsActivePort file doesn't exist)\n  (The process started from chrome location /usr/bin/google-chrome is no longer running, so ChromeDriver is assuming that Chrome has crashed.)\nBuild info: version: '4.0.0-alpha-2', revision: 'f148142cf8', time: '2019-07-01T20:55:26'\nSystem info: host: 'fv-az39-465', ip: '10.1.0.143', os.name: 'Linux', os.arch: 'amd64', os.version: '5.8.0-1039-azure', java.version: '1.8.0_302'\nDriver info: driver.version: ChromeDriver\nremote stacktrace: #0 0x56504b231a63 <unknown>\n#1 0x56504afa6458 <unknown>\n#2 0x56504afc92e3 <unknown>\n#3 0x56504afc4e9f <unknown>\n#4 0x56504affeb72 <unknown>\n#5 0x56504aff8fd3 <unknown>\n#6 0x56504afcf514 <unknown>\n#7 0x56504afd0505 <unknown>\n#8 0x56504b25de2e <unknown>\n#9 0x56504b273886 <unknown>\n#10 0x56504b25ed75 <unknown>\n#11 0x56504b274d94 <unknown>\n#12 0x56504b2558eb <unknown>\n#13 0x56504b28fcd8 <unknown>\n#14 0x56504b28fe58 <unknown>\n#15 0x56504b2a9dfd <unknown>\n#16 0x7f15195a8609 start_thread\n",
        "time" : {
          "start" : 1628000634017,
          "stop" : 1628000634153,
          "duration" : 136
        }
      } ]
    },
    "tags" : [ ]
  },
  "source" : "69f6a1c6e32b676f.json",
  "parameterValues" : [ ]
}